[debug] [2022-10-29T01:33:31.943Z] ----------------------------------------------------------------------
[debug] [2022-10-29T01:33:31.946Z] Command:       C:\Program Files\nodejs\node.exe C:\Users\USER\AppData\Roaming\npm\node_modules\firebase-tools\lib\bin\firebase.js init
[debug] [2022-10-29T01:33:31.946Z] CLI Version:   11.14.2
[debug] [2022-10-29T01:33:31.947Z] Platform:      win32
[debug] [2022-10-29T01:33:31.947Z] Node Version:  v16.16.0
[debug] [2022-10-29T01:33:31.948Z] Time:          Sat Oct 29 2022 09:33:31 GMT+0800 (China Standard Time)
[debug] [2022-10-29T01:33:31.948Z] ----------------------------------------------------------------------
[debug] 
[debug] [2022-10-29T01:33:31.955Z] >>> [apiv2][query] GET https://firebase-public.firebaseio.com/cli.json [none]
[debug] [2022-10-29T01:33:31.980Z] > command requires scopes: ["email","openid","https://www.googleapis.com/auth/cloudplatformprojects.readonly","https://www.googleapis.com/auth/firebase","https://www.googleapis.com/auth/cloud-platform"]
[debug] [2022-10-29T01:33:31.980Z] > authorizing via signed-in user (gabrielalvaro693@gmail.com)
[info] 
     ######## #### ########  ######## ########     ###     ######  ########
     ##        ##  ##     ## ##       ##     ##  ##   ##  ##       ##
     ######    ##  ########  ######   ########  #########  ######  ######
     ##        ##  ##    ##  ##       ##     ## ##     ##       ## ##
     ##       #### ##     ## ######## ########  ##     ##  ######  ########

You're about to initialize a Firebase project in this directory:

  D:\My Files\Javascript Node JS projects\blogging-site

[debug] [2022-10-29T01:33:32.433Z] <<< [apiv2][status] GET https://firebase-public.firebaseio.com/cli.json 200
[debug] [2022-10-29T01:33:32.433Z] <<< [apiv2][body] GET https://firebase-public.firebaseio.com/cli.json {"cloudBuildErrorAfter":1594252800000,"cloudBuildWarnAfter":1590019200000,"defaultNode10After":1594252800000,"minVersion":"3.0.5","node8DeploysDisabledAfter":1613390400000,"node8RuntimeDisabledAfter":1615809600000,"node8WarnAfter":1600128000000}
